Flow report for DE1_SoC_Computer
Sun Feb 25 20:18:24 2018
Quartus Prime Version 15.1.0 Build 185 10/21/2015 SJ Lite Edition


---------------------
; Table of Contents ;
---------------------
  1. Legal Notice
  2. Flow Summary
  3. Flow Settings
  4. Flow Non-Default Global Settings
  5. Flow Elapsed Time
  6. Flow OS Summary
  7. Flow Log
  8. Flow Messages
  9. Flow Suppressed Messages



----------------
; Legal Notice ;
----------------
Copyright (C) 1991-2015 Altera Corporation. All rights reserved.
Your use of Altera Corporation's design tools, logic functions 
and other software and tools, and its AMPP partner logic 
functions, and any output files from any of the foregoing 
(including device programming or simulation files), and any 
associated documentation or information are expressly subject 
to the terms and conditions of the Altera Program License 
Subscription Agreement, the Altera Quartus Prime License Agreement,
the Altera MegaCore Function License Agreement, or other 
applicable license agreement, including, without limitation, 
that your use is for the sole purpose of programming logic 
devices manufactured by Altera and sold by Altera or its 
authorized distributors.  Please refer to the applicable 
agreement for further details.



+-------------------------------------------------------------------------------+
; Flow Summary                                                                  ;
+---------------------------------+---------------------------------------------+
; Flow Status                     ; Successful - Sun Feb 25 20:18:24 2018       ;
; Quartus Prime Version           ; 15.1.0 Build 185 10/21/2015 SJ Lite Edition ;
; Revision Name                   ; DE1_SoC_Computer                            ;
; Top-level Entity Name           ; DE1_SoC_Computer                            ;
; Family                          ; Cyclone V                                   ;
; Device                          ; 5CSEMA5F31C6                                ;
; Timing Models                   ; Final                                       ;
; Logic utilization (in ALMs)     ; 3,122 / 32,070 ( 10 % )                     ;
; Total registers                 ; 3796                                        ;
; Total pins                      ; 368 / 457 ( 81 % )                          ;
; Total virtual pins              ; 0                                           ;
; Total block memory bits         ; 2,168,576 / 4,065,280 ( 53 % )              ;
; Total DSP Blocks                ; 12 / 87 ( 14 % )                            ;
; Total HSSI RX PCSs              ; 0                                           ;
; Total HSSI PMA RX Deserializers ; 0                                           ;
; Total HSSI TX PCSs              ; 0                                           ;
; Total HSSI PMA TX Serializers   ; 0                                           ;
; Total PLLs                      ; 2 / 6 ( 33 % )                              ;
; Total DLLs                      ; 1 / 4 ( 25 % )                              ;
+---------------------------------+---------------------------------------------+


+-----------------------------------------+
; Flow Settings                           ;
+-------------------+---------------------+
; Option            ; Setting             ;
+-------------------+---------------------+
; Start date & time ; 02/25/2018 20:05:52 ;
; Main task         ; Compilation         ;
; Revision Name     ; DE1_SoC_Computer    ;
+-------------------+---------------------+


+-------------------------------------------------------------------------------------------------------------------------------------------------------------------------------------------------+
; Flow Non-Default Global Settings                                                                                                                                                                ;
+-------------------------------------+-------------------------------------------------------------------------------+---------------+------------------------------------------+----------------+
; Assignment Name                     ; Value                                                                         ; Default Value ; Entity Name                              ; Section Id     ;
+-------------------------------------+-------------------------------------------------------------------------------+---------------+------------------------------------------+----------------+
; COMPILER_SIGNATURE_ID               ; 0.151960714732603                                                             ; --            ; --                                       ; --             ;
; EDA_OUTPUT_DATA_FORMAT              ; Verilog Hdl                                                                   ; --            ; --                                       ; eda_simulation ;
; EDA_SIMULATION_TOOL                 ; ModelSim-Altera (Verilog)                                                     ; <None>        ; --                                       ; --             ;
; HPS_ISW_FILE                        ; Computer_System/synthesis/submodules/sequencer/system.pre.h                   ; --            ; Computer_System_ARM_A9_HPS_hps_io_border ; --             ;
; HPS_ISW_FILE                        ; Computer_System/synthesis/submodules/sequencer/alt_types.pre.h                ; --            ; Computer_System_ARM_A9_HPS_hps_io_border ; --             ;
; HPS_ISW_FILE                        ; Computer_System/synthesis/submodules/sequencer/sequencer.pre.h                ; --            ; Computer_System_ARM_A9_HPS_hps_io_border ; --             ;
; HPS_ISW_FILE                        ; Computer_System/synthesis/submodules/sequencer/sequencer.pre.c                ; --            ; Computer_System_ARM_A9_HPS_hps_io_border ; --             ;
; HPS_ISW_FILE                        ; Computer_System/synthesis/submodules/sequencer/sequencer_auto.pre.h           ; --            ; Computer_System_ARM_A9_HPS_hps_io_border ; --             ;
; HPS_ISW_FILE                        ; Computer_System/synthesis/submodules/sequencer/sequencer_defines.pre.h        ; --            ; Computer_System_ARM_A9_HPS_hps_io_border ; --             ;
; HPS_ISW_FILE                        ; Computer_System/synthesis/submodules/sequencer/tclrpt.pre.c                   ; --            ; Computer_System_ARM_A9_HPS_hps_io_border ; --             ;
; HPS_ISW_FILE                        ; Computer_System/synthesis/submodules/sequencer/sdram_io.pre.h                 ; --            ; Computer_System_ARM_A9_HPS_hps_io_border ; --             ;
; HPS_ISW_FILE                        ; Computer_System/synthesis/submodules/sequencer/tclrpt.pre.h                   ; --            ; Computer_System_ARM_A9_HPS_hps_io_border ; --             ;
; HPS_ISW_FILE                        ; Computer_System/synthesis/submodules/sequencer/sequencer_auto_inst_init.pre.c ; --            ; Computer_System_ARM_A9_HPS_hps_io_border ; --             ;
; HPS_ISW_FILE                        ; Computer_System/synthesis/submodules/sequencer/emif.pre.xml                   ; --            ; Computer_System_ARM_A9_HPS_hps_io_border ; --             ;
; HPS_ISW_FILE                        ; Computer_System/synthesis/submodules/sequencer/sequencer_auto_ac_init.pre.c   ; --            ; Computer_System_ARM_A9_HPS_hps_io_border ; --             ;
; HPS_ISW_FILE                        ; Computer_System/synthesis/submodules/hps.pre.xml                              ; --            ; Computer_System_ARM_A9_HPS_hps_io_border ; --             ;
; HPS_PARTITION                       ; On                                                                            ; --            ; Computer_System_ARM_A9_HPS_hps_io_border ; --             ;
; MAX_CORE_JUNCTION_TEMP              ; 85                                                                            ; --            ; --                                       ; --             ;
; MIN_CORE_JUNCTION_TEMP              ; 0                                                                             ; --            ; --                                       ; --             ;
; MISC_FILE                           ; Computer_System/synthesis/../Computer_System.cmp                              ; --            ; --                                       ; --             ;
; MISC_FILE                           ; Computer_System/synthesis/Computer_System_ARM_A9_HPS_hps.svd                  ; --            ; --                                       ; --             ;
; MISC_FILE                           ; Computer_System/synthesis/../../Computer_System.qsys                          ; --            ; --                                       ; --             ;
; MISC_FILE                           ; Computer_System/synthesis/submodules/sequencer/system.pre.h                   ; --            ; --                                       ; --             ;
; MISC_FILE                           ; Computer_System/synthesis/submodules/sequencer/alt_types.pre.h                ; --            ; --                                       ; --             ;
; MISC_FILE                           ; Computer_System/synthesis/submodules/sequencer/sequencer.pre.h                ; --            ; --                                       ; --             ;
; MISC_FILE                           ; Computer_System/synthesis/submodules/sequencer/sequencer.pre.c                ; --            ; --                                       ; --             ;
; MISC_FILE                           ; Computer_System/synthesis/submodules/sequencer/sequencer_auto.pre.h           ; --            ; --                                       ; --             ;
; MISC_FILE                           ; Computer_System/synthesis/submodules/sequencer/sequencer_defines.pre.h        ; --            ; --                                       ; --             ;
; MISC_FILE                           ; Computer_System/synthesis/submodules/sequencer/tclrpt.pre.c                   ; --            ; --                                       ; --             ;
; MISC_FILE                           ; Computer_System/synthesis/submodules/sequencer/sdram_io.pre.h                 ; --            ; --                                       ; --             ;
; MISC_FILE                           ; Computer_System/synthesis/submodules/sequencer/tclrpt.pre.h                   ; --            ; --                                       ; --             ;
; MISC_FILE                           ; Computer_System/synthesis/submodules/sequencer/sequencer_auto_inst_init.pre.c ; --            ; --                                       ; --             ;
; MISC_FILE                           ; Computer_System/synthesis/submodules/sequencer/emif.pre.xml                   ; --            ; --                                       ; --             ;
; MISC_FILE                           ; Computer_System/synthesis/submodules/sequencer/sequencer_auto_ac_init.pre.c   ; --            ; --                                       ; --             ;
; MISC_FILE                           ; Computer_System/synthesis/submodules/hps.pre.xml                              ; --            ; --                                       ; --             ;
; NUM_PARALLEL_PROCESSORS             ; All                                                                           ; --            ; --                                       ; --             ;
; PARTITION_COLOR                     ; 16764057                                                                      ; --            ; --                                       ; Top            ;
; PARTITION_FITTER_PRESERVATION_LEVEL ; PLACEMENT_AND_ROUTING                                                         ; --            ; --                                       ; Top            ;
; PARTITION_NETLIST_TYPE              ; SOURCE                                                                        ; --            ; --                                       ; Top            ;
; POWER_BOARD_THERMAL_MODEL           ; None (CONSERVATIVE)                                                           ; --            ; --                                       ; --             ;
; POWER_PRESET_COOLING_SOLUTION       ; 23 MM HEAT SINK WITH 200 LFPM AIRFLOW                                         ; --            ; --                                       ; --             ;
; SLD_FILE                            ; Computer_System/synthesis/Computer_System.regmap                              ; --            ; --                                       ; --             ;
; SLD_FILE                            ; Computer_System/synthesis/Computer_System.debuginfo                           ; --            ; --                                       ; --             ;
; SLD_INFO                            ; QSYS_NAME Computer_System HAS_SOPCINFO 1 GENERATION_ID 1519589668             ; --            ; Computer_System                          ; --             ;
; SOPCINFO_FILE                       ; Computer_System/synthesis/../../Computer_System.sopcinfo                      ; --            ; --                                       ; --             ;
; SYNTHESIS_ONLY_QIP                  ; On                                                                            ; --            ; --                                       ; --             ;
+-------------------------------------+-------------------------------------------------------------------------------+---------------+------------------------------------------+----------------+


+-------------------------------------------------------------------------------------------------------------------------------+
; Flow Elapsed Time                                                                                                             ;
+---------------------------+--------------+-------------------------+---------------------+------------------------------------+
; Module Name               ; Elapsed Time ; Average Processors Used ; Peak Virtual Memory ; Total CPU Time (on all processors) ;
+---------------------------+--------------+-------------------------+---------------------+------------------------------------+
; Analysis & Synthesis      ; 00:01:08     ; 1.0                     ; 1592 MB             ; 00:01:26                           ;
; Fitter                    ; 00:05:11     ; 1.0                     ; 3397 MB             ; 00:06:57                           ;
; Assembler                 ; 00:00:19     ; 1.0                     ; 1294 MB             ; 00:00:19                           ;
; TimeQuest Timing Analyzer ; 00:01:48     ; 1.0                     ; 2119 MB             ; 00:01:49                           ;
; EDA Netlist Writer        ; 00:00:08     ; 1.0                     ; 1661 MB             ; 00:00:08                           ;
; Total                     ; 00:08:34     ; --                      ; --                  ; 00:10:39                           ;
+---------------------------+--------------+-------------------------+---------------------+------------------------------------+


+---------------------------------------------------------------------------------------------+
; Flow OS Summary                                                                             ;
+---------------------------+------------------+----------------+------------+----------------+
; Module Name               ; Machine Hostname ; OS Name        ; OS Version ; Processor type ;
+---------------------------+------------------+----------------+------------+----------------+
; Analysis & Synthesis      ; matt-XPS-L322X   ; Ubuntu 16.04.3 ; 16         ; x86_64         ;
; Fitter                    ; matt-XPS-L322X   ; Ubuntu 16.04.3 ; 16         ; x86_64         ;
; Assembler                 ; matt-XPS-L322X   ; Ubuntu 16.04.3 ; 16         ; x86_64         ;
; TimeQuest Timing Analyzer ; matt-XPS-L322X   ; Ubuntu 16.04.3 ; 16         ; x86_64         ;
; EDA Netlist Writer        ; matt-XPS-L322X   ; Ubuntu 16.04.3 ; 16         ; x86_64         ;
+---------------------------+------------------+----------------+------------+----------------+


------------
; Flow Log ;
------------
quartus_map --read_settings_files=on --write_settings_files=off DE1_SoC_Computer -c DE1_SoC_Computer
quartus_fit --read_settings_files=off --write_settings_files=off DE1_SoC_Computer -c DE1_SoC_Computer
quartus_asm --read_settings_files=off --write_settings_files=off DE1_SoC_Computer -c DE1_SoC_Computer
quartus_sta DE1_SoC_Computer -c DE1_SoC_Computer
quartus_eda --read_settings_files=off --write_settings_files=off DE1_SoC_Computer -c DE1_SoC_Computer



